[2020-07-09 19:36:49] local.ERROR: Too many arguments, expected arguments "command". {"exception":"[object] (Symfony\\Component\\Console\\Exception\\RuntimeException(code: 0): Too many arguments, expected arguments \"command\". at /Applications/XAMPP/xamppfiles/htdocs/depion-new/vendor/symfony/console/Input/ArgvInput.php:171)
[stacktrace]
#0 /Applications/XAMPP/xamppfiles/htdocs/depion-new/vendor/symfony/console/Input/ArgvInput.php(82): Symfony\\Component\\Console\\Input\\ArgvInput->parseArgument('laravel-errors')
#1 /Applications/XAMPP/xamppfiles/htdocs/depion-new/vendor/symfony/console/Input/Input.php(55): Symfony\\Component\\Console\\Input\\ArgvInput->parse()
#2 /Applications/XAMPP/xamppfiles/htdocs/depion-new/vendor/symfony/console/Command/Command.php(214): Symfony\\Component\\Console\\Input\\Input->bind(Object(Symfony\\Component\\Console\\Input\\InputDefinition))
#3 /Applications/XAMPP/xamppfiles/htdocs/depion-new/vendor/laravel/framework/src/Illuminate/Console/Command.php(121): Symfony\\Component\\Console\\Command\\Command->run(Object(Symfony\\Component\\Console\\Input\\ArgvInput), Object(Illuminate\\Console\\OutputStyle))
#4 /Applications/XAMPP/xamppfiles/htdocs/depion-new/vendor/symfony/console/Application.php(912): Illuminate\\Console\\Command->run(Object(Symfony\\Component\\Console\\Input\\ArgvInput), Object(Symfony\\Component\\Console\\Output\\ConsoleOutput))
#5 /Applications/XAMPP/xamppfiles/htdocs/depion-new/vendor/symfony/console/Application.php(264): Symfony\\Component\\Console\\Application->doRunCommand(Object(Illuminate\\Foundation\\Console\\VendorPublishCommand), Object(Symfony\\Component\\Console\\Input\\ArgvInput), Object(Symfony\\Component\\Console\\Output\\ConsoleOutput))
#6 /Applications/XAMPP/xamppfiles/htdocs/depion-new/vendor/symfony/console/Application.php(140): Symfony\\Component\\Console\\Application->doRun(Object(Symfony\\Component\\Console\\Input\\ArgvInput), Object(Symfony\\Component\\Console\\Output\\ConsoleOutput))
#7 /Applications/XAMPP/xamppfiles/htdocs/depion-new/vendor/laravel/framework/src/Illuminate/Console/Application.php(93): Symfony\\Component\\Console\\Application->run(Object(Symfony\\Component\\Console\\Input\\ArgvInput), Object(Symfony\\Component\\Console\\Output\\ConsoleOutput))
#8 /Applications/XAMPP/xamppfiles/htdocs/depion-new/vendor/laravel/framework/src/Illuminate/Foundation/Console/Kernel.php(130): Illuminate\\Console\\Application->run(Object(Symfony\\Component\\Console\\Input\\ArgvInput), Object(Symfony\\Component\\Console\\Output\\ConsoleOutput))
#9 /Applications/XAMPP/xamppfiles/htdocs/depion-new/artisan(37): Illuminate\\Foundation\\Console\\Kernel->handle(Object(Symfony\\Component\\Console\\Input\\ArgvInput), Object(Symfony\\Component\\Console\\Output\\ConsoleOutput))
#10 {main}
"} 
[2020-07-09 19:38:24] local.ERROR: Too many arguments, expected arguments "command". {"exception":"[object] (Symfony\\Component\\Console\\Exception\\RuntimeException(code: 0): Too many arguments, expected arguments \"command\". at /Applications/XAMPP/xamppfiles/htdocs/depion-new/vendor/symfony/console/Input/ArgvInput.php:171)
[stacktrace]
#0 /Applications/XAMPP/xamppfiles/htdocs/depion-new/vendor/symfony/console/Input/ArgvInput.php(82): Symfony\\Component\\Console\\Input\\ArgvInput->parseArgument('laravel-errors')
#1 /Applications/XAMPP/xamppfiles/htdocs/depion-new/vendor/symfony/console/Input/Input.php(55): Symfony\\Component\\Console\\Input\\ArgvInput->parse()
#2 /Applications/XAMPP/xamppfiles/htdocs/depion-new/vendor/symfony/console/Command/Command.php(214): Symfony\\Component\\Console\\Input\\Input->bind(Object(Symfony\\Component\\Console\\Input\\InputDefinition))
#3 /Applications/XAMPP/xamppfiles/htdocs/depion-new/vendor/laravel/framework/src/Illuminate/Console/Command.php(121): Symfony\\Component\\Console\\Command\\Command->run(Object(Symfony\\Component\\Console\\Input\\ArgvInput), Object(Illuminate\\Console\\OutputStyle))
#4 /Applications/XAMPP/xamppfiles/htdocs/depion-new/vendor/symfony/console/Application.php(912): Illuminate\\Console\\Command->run(Object(Symfony\\Component\\Console\\Input\\ArgvInput), Object(Symfony\\Component\\Console\\Output\\ConsoleOutput))
#5 /Applications/XAMPP/xamppfiles/htdocs/depion-new/vendor/symfony/console/Application.php(264): Symfony\\Component\\Console\\Application->doRunCommand(Object(Illuminate\\Foundation\\Console\\VendorPublishCommand), Object(Symfony\\Component\\Console\\Input\\ArgvInput), Object(Symfony\\Component\\Console\\Output\\ConsoleOutput))
#6 /Applications/XAMPP/xamppfiles/htdocs/depion-new/vendor/symfony/console/Application.php(140): Symfony\\Component\\Console\\Application->doRun(Object(Symfony\\Component\\Console\\Input\\ArgvInput), Object(Symfony\\Component\\Console\\Output\\ConsoleOutput))
#7 /Applications/XAMPP/xamppfiles/htdocs/depion-new/vendor/laravel/framework/src/Illuminate/Console/Application.php(93): Symfony\\Component\\Console\\Application->run(Object(Symfony\\Component\\Console\\Input\\ArgvInput), Object(Symfony\\Component\\Console\\Output\\ConsoleOutput))
#8 /Applications/XAMPP/xamppfiles/htdocs/depion-new/vendor/laravel/framework/src/Illuminate/Foundation/Console/Kernel.php(130): Illuminate\\Console\\Application->run(Object(Symfony\\Component\\Console\\Input\\ArgvInput), Object(Symfony\\Component\\Console\\Output\\ConsoleOutput))
#9 /Applications/XAMPP/xamppfiles/htdocs/depion-new/artisan(37): Illuminate\\Foundation\\Console\\Kernel->handle(Object(Symfony\\Component\\Console\\Input\\ArgvInput), Object(Symfony\\Component\\Console\\Output\\ConsoleOutput))
#10 {main}
"} 
[2020-07-13 19:56:50] local.ERROR: Invalid argument supplied for foreach() {"exception":"[object] (ErrorException(code: 0): Invalid argument supplied for foreach() at /Applications/XAMPP/xamppfiles/htdocs/depion-new/vendor/spatie/laravel-feed/src/FeedServiceProvider.php:39)
[stacktrace]
#0 /Applications/XAMPP/xamppfiles/htdocs/depion-new/vendor/spatie/laravel-feed/src/FeedServiceProvider.php(39): Illuminate\\Foundation\\Bootstrap\\HandleExceptions->handleError(2, 'Invalid argumen...', '/Applications/X...', 39, Array)
#1 [internal function]: Illuminate\\Routing\\Router->Spatie\\Feed\\{closure}()
#2 /Applications/XAMPP/xamppfiles/htdocs/depion-new/vendor/laravel/framework/src/Illuminate/Support/Traits/Macroable.php(111): call_user_func_array(Object(Closure), Array)
#3 /Applications/XAMPP/xamppfiles/htdocs/depion-new/vendor/laravel/framework/src/Illuminate/Routing/Router.php(1229): Illuminate\\Routing\\Router->macroCall('feeds', Array)
#4 /Applications/XAMPP/xamppfiles/htdocs/depion-new/vendor/laravel/framework/src/Illuminate/Support/Facades/Facade.php(261): Illuminate\\Routing\\Router->__call('feeds', Array)
#5 /Applications/XAMPP/xamppfiles/htdocs/depion-new/routes/web.php(76): Illuminate\\Support\\Facades\\Facade::__callStatic('feeds', Array)
#6 /Applications/XAMPP/xamppfiles/htdocs/depion-new/vendor/laravel/framework/src/Illuminate/Routing/RouteFileRegistrar.php(35): require('/Applications/X...')
#7 /Applications/XAMPP/xamppfiles/htdocs/depion-new/vendor/laravel/framework/src/Illuminate/Routing/Router.php(416): Illuminate\\Routing\\RouteFileRegistrar->register('/Applications/X...')
#8 /Applications/XAMPP/xamppfiles/htdocs/depion-new/vendor/laravel/framework/src/Illuminate/Routing/Router.php(374): Illuminate\\Routing\\Router->loadRoutes('/Applications/X...')
#9 /Applications/XAMPP/xamppfiles/htdocs/depion-new/vendor/laravel/framework/src/Illuminate/Routing/RouteRegistrar.php(134): Illuminate\\Routing\\Router->group(Array, '/Applications/X...')
#10 /Applications/XAMPP/xamppfiles/htdocs/depion-new/app/Providers/RouteServiceProvider.php(63): Illuminate\\Routing\\RouteRegistrar->group('/Applications/X...')
#11 /Applications/XAMPP/xamppfiles/htdocs/depion-new/app/Providers/RouteServiceProvider.php(47): App\\Providers\\RouteServiceProvider->mapWebRoutes()
#12 [internal function]: App\\Providers\\RouteServiceProvider->map()
#13 /Applications/XAMPP/xamppfiles/htdocs/depion-new/vendor/laravel/framework/src/Illuminate/Container/BoundMethod.php(32): call_user_func_array(Array, Array)
#14 /Applications/XAMPP/xamppfiles/htdocs/depion-new/vendor/laravel/framework/src/Illuminate/Container/Util.php(36): Illuminate\\Container\\BoundMethod::Illuminate\\Container\\{closure}()
#15 /Applications/XAMPP/xamppfiles/htdocs/depion-new/vendor/laravel/framework/src/Illuminate/Container/BoundMethod.php(90): Illuminate\\Container\\Util::unwrapIfClosure(Object(Closure))
#16 /Applications/XAMPP/xamppfiles/htdocs/depion-new/vendor/laravel/framework/src/Illuminate/Container/BoundMethod.php(34): Illuminate\\Container\\BoundMethod::callBoundMethod(Object(Illuminate\\Foundation\\Application), Array, Object(Closure))
#17 /Applications/XAMPP/xamppfiles/htdocs/depion-new/vendor/laravel/framework/src/Illuminate/Container/Container.php(590): Illuminate\\Container\\BoundMethod::call(Object(Illuminate\\Foundation\\Application), Array, Array, NULL)
#18 /Applications/XAMPP/xamppfiles/htdocs/depion-new/vendor/laravel/framework/src/Illuminate/Foundation/Support/Providers/RouteServiceProvider.php(87): Illuminate\\Container\\Container->call(Array)
#19 /Applications/XAMPP/xamppfiles/htdocs/depion-new/vendor/laravel/framework/src/Illuminate/Foundation/Support/Providers/RouteServiceProvider.php(36): Illuminate\\Foundation\\Support\\Providers\\RouteServiceProvider->loadRoutes()
#20 /Applications/XAMPP/xamppfiles/htdocs/depion-new/app/Providers/RouteServiceProvider.php(35): Illuminate\\Foundation\\Support\\Providers\\RouteServiceProvider->boot()
#21 [internal function]: App\\Providers\\RouteServiceProvider->boot()
#22 /Applications/XAMPP/xamppfiles/htdocs/depion-new/vendor/laravel/framework/src/Illuminate/Container/BoundMethod.php(32): call_user_func_array(Array, Array)
#23 /Applications/XAMPP/xamppfiles/htdocs/depion-new/vendor/laravel/framework/src/Illuminate/Container/Util.php(36): Illuminate\\Container\\BoundMethod::Illuminate\\Container\\{closure}()
#24 /Applications/XAMPP/xamppfiles/htdocs/depion-new/vendor/laravel/framework/src/Illuminate/Container/BoundMethod.php(90): Illuminate\\Container\\Util::unwrapIfClosure(Object(Closure))
#25 /Applications/XAMPP/xamppfiles/htdocs/depion-new/vendor/laravel/framework/src/Illuminate/Container/BoundMethod.php(34): Illuminate\\Container\\BoundMethod::callBoundMethod(Object(Illuminate\\Foundation\\Application), Array, Object(Closure))
#26 /Applications/XAMPP/xamppfiles/htdocs/depion-new/vendor/laravel/framework/src/Illuminate/Container/Container.php(590): Illuminate\\Container\\BoundMethod::call(Object(Illuminate\\Foundation\\Application), Array, Array, NULL)
#27 /Applications/XAMPP/xamppfiles/htdocs/depion-new/vendor/laravel/framework/src/Illuminate/Foundation/Application.php(858): Illuminate\\Container\\Container->call(Array)
#28 /Applications/XAMPP/xamppfiles/htdocs/depion-new/vendor/laravel/framework/src/Illuminate/Foundation/Application.php(841): Illuminate\\Foundation\\Application->bootProvider(Object(App\\Providers\\RouteServiceProvider))
#29 [internal function]: Illuminate\\Foundation\\Application->Illuminate\\Foundation\\{closure}(Object(App\\Providers\\RouteServiceProvider), 28)
#30 /Applications/XAMPP/xamppfiles/htdocs/depion-new/vendor/laravel/framework/src/Illuminate/Foundation/Application.php(842): array_walk(Array, Object(Closure))
#31 /Applications/XAMPP/xamppfiles/htdocs/depion-new/vendor/laravel/framework/src/Illuminate/Foundation/Bootstrap/BootProviders.php(17): Illuminate\\Foundation\\Application->boot()
#32 /Applications/XAMPP/xamppfiles/htdocs/depion-new/vendor/laravel/framework/src/Illuminate/Foundation/Application.php(221): Illuminate\\Foundation\\Bootstrap\\BootProviders->bootstrap(Object(Illuminate\\Foundation\\Application))
#33 /Applications/XAMPP/xamppfiles/htdocs/depion-new/vendor/laravel/framework/src/Illuminate/Foundation/Console/Kernel.php(311): Illuminate\\Foundation\\Application->bootstrapWith(Array)
#34 /Applications/XAMPP/xamppfiles/htdocs/depion-new/vendor/laravel/framework/src/Illuminate/Foundation/Console/Kernel.php(128): Illuminate\\Foundation\\Console\\Kernel->bootstrap()
#35 /Applications/XAMPP/xamppfiles/htdocs/depion-new/artisan(37): Illuminate\\Foundation\\Console\\Kernel->handle(Object(Symfony\\Component\\Console\\Input\\ArgvInput), Object(Symfony\\Component\\Console\\Output\\ConsoleOutput))
#36 {main}
"} 
[2020-07-13 19:59:22] local.ERROR: Invalid argument supplied for foreach() {"exception":"[object] (ErrorException(code: 0): Invalid argument supplied for foreach() at /Applications/XAMPP/xamppfiles/htdocs/depion-new/vendor/spatie/laravel-feed/src/FeedServiceProvider.php:39)
[stacktrace]
#0 /Applications/XAMPP/xamppfiles/htdocs/depion-new/vendor/spatie/laravel-feed/src/FeedServiceProvider.php(39): Illuminate\\Foundation\\Bootstrap\\HandleExceptions->handleError(2, 'Invalid argumen...', '/Applications/X...', 39, Array)
#1 [internal function]: Illuminate\\Routing\\Router->Spatie\\Feed\\{closure}()
#2 /Applications/XAMPP/xamppfiles/htdocs/depion-new/vendor/laravel/framework/src/Illuminate/Support/Traits/Macroable.php(111): call_user_func_array(Object(Closure), Array)
#3 /Applications/XAMPP/xamppfiles/htdocs/depion-new/vendor/laravel/framework/src/Illuminate/Routing/Router.php(1229): Illuminate\\Routing\\Router->macroCall('feeds', Array)
#4 /Applications/XAMPP/xamppfiles/htdocs/depion-new/vendor/laravel/framework/src/Illuminate/Support/Facades/Facade.php(261): Illuminate\\Routing\\Router->__call('feeds', Array)
#5 /Applications/XAMPP/xamppfiles/htdocs/depion-new/routes/web.php(76): Illuminate\\Support\\Facades\\Facade::__callStatic('feeds', Array)
#6 /Applications/XAMPP/xamppfiles/htdocs/depion-new/vendor/laravel/framework/src/Illuminate/Routing/RouteFileRegistrar.php(35): require('/Applications/X...')
#7 /Applications/XAMPP/xamppfiles/htdocs/depion-new/vendor/laravel/framework/src/Illuminate/Routing/Router.php(416): Illuminate\\Routing\\RouteFileRegistrar->register('/Applications/X...')
#8 /Applications/XAMPP/xamppfiles/htdocs/depion-new/vendor/laravel/framework/src/Illuminate/Routing/Router.php(374): Illuminate\\Routing\\Router->loadRoutes('/Applications/X...')
#9 /Applications/XAMPP/xamppfiles/htdocs/depion-new/vendor/laravel/framework/src/Illuminate/Routing/RouteRegistrar.php(134): Illuminate\\Routing\\Router->group(Array, '/Applications/X...')
#10 /Applications/XAMPP/xamppfiles/htdocs/depion-new/app/Providers/RouteServiceProvider.php(63): Illuminate\\Routing\\RouteRegistrar->group('/Applications/X...')
#11 /Applications/XAMPP/xamppfiles/htdocs/depion-new/app/Providers/RouteServiceProvider.php(47): App\\Providers\\RouteServiceProvider->mapWebRoutes()
#12 [internal function]: App\\Providers\\RouteServiceProvider->map()
#13 /Applications/XAMPP/xamppfiles/htdocs/depion-new/vendor/laravel/framework/src/Illuminate/Container/BoundMethod.php(32): call_user_func_array(Array, Array)
#14 /Applications/XAMPP/xamppfiles/htdocs/depion-new/vendor/laravel/framework/src/Illuminate/Container/Util.php(36): Illuminate\\Container\\BoundMethod::Illuminate\\Container\\{closure}()
#15 /Applications/XAMPP/xamppfiles/htdocs/depion-new/vendor/laravel/framework/src/Illuminate/Container/BoundMethod.php(90): Illuminate\\Container\\Util::unwrapIfClosure(Object(Closure))
#16 /Applications/XAMPP/xamppfiles/htdocs/depion-new/vendor/laravel/framework/src/Illuminate/Container/BoundMethod.php(34): Illuminate\\Container\\BoundMethod::callBoundMethod(Object(Illuminate\\Foundation\\Application), Array, Object(Closure))
#17 /Applications/XAMPP/xamppfiles/htdocs/depion-new/vendor/laravel/framework/src/Illuminate/Container/Container.php(590): Illuminate\\Container\\BoundMethod::call(Object(Illuminate\\Foundation\\Application), Array, Array, NULL)
#18 /Applications/XAMPP/xamppfiles/htdocs/depion-new/vendor/laravel/framework/src/Illuminate/Foundation/Support/Providers/RouteServiceProvider.php(87): Illuminate\\Container\\Container->call(Array)
#19 /Applications/XAMPP/xamppfiles/htdocs/depion-new/vendor/laravel/framework/src/Illuminate/Foundation/Support/Providers/RouteServiceProvider.php(36): Illuminate\\Foundation\\Support\\Providers\\RouteServiceProvider->loadRoutes()
#20 /Applications/XAMPP/xamppfiles/htdocs/depion-new/app/Providers/RouteServiceProvider.php(35): Illuminate\\Foundation\\Support\\Providers\\RouteServiceProvider->boot()
#21 [internal function]: App\\Providers\\RouteServiceProvider->boot()
#22 /Applications/XAMPP/xamppfiles/htdocs/depion-new/vendor/laravel/framework/src/Illuminate/Container/BoundMethod.php(32): call_user_func_array(Array, Array)
#23 /Applications/XAMPP/xamppfiles/htdocs/depion-new/vendor/laravel/framework/src/Illuminate/Container/Util.php(36): Illuminate\\Container\\BoundMethod::Illuminate\\Container\\{closure}()
#24 /Applications/XAMPP/xamppfiles/htdocs/depion-new/vendor/laravel/framework/src/Illuminate/Container/BoundMethod.php(90): Illuminate\\Container\\Util::unwrapIfClosure(Object(Closure))
#25 /Applications/XAMPP/xamppfiles/htdocs/depion-new/vendor/laravel/framework/src/Illuminate/Container/BoundMethod.php(34): Illuminate\\Container\\BoundMethod::callBoundMethod(Object(Illuminate\\Foundation\\Application), Array, Object(Closure))
#26 /Applications/XAMPP/xamppfiles/htdocs/depion-new/vendor/laravel/framework/src/Illuminate/Container/Container.php(590): Illuminate\\Container\\BoundMethod::call(Object(Illuminate\\Foundation\\Application), Array, Array, NULL)
#27 /Applications/XAMPP/xamppfiles/htdocs/depion-new/vendor/laravel/framework/src/Illuminate/Foundation/Application.php(858): Illuminate\\Container\\Container->call(Array)
#28 /Applications/XAMPP/xamppfiles/htdocs/depion-new/vendor/laravel/framework/src/Illuminate/Foundation/Application.php(841): Illuminate\\Foundation\\Application->bootProvider(Object(App\\Providers\\RouteServiceProvider))
#29 [internal function]: Illuminate\\Foundation\\Application->Illuminate\\Foundation\\{closure}(Object(App\\Providers\\RouteServiceProvider), 28)
#30 /Applications/XAMPP/xamppfiles/htdocs/depion-new/vendor/laravel/framework/src/Illuminate/Foundation/Application.php(842): array_walk(Array, Object(Closure))
#31 /Applications/XAMPP/xamppfiles/htdocs/depion-new/vendor/laravel/framework/src/Illuminate/Foundation/Bootstrap/BootProviders.php(17): Illuminate\\Foundation\\Application->boot()
#32 /Applications/XAMPP/xamppfiles/htdocs/depion-new/vendor/laravel/framework/src/Illuminate/Foundation/Application.php(221): Illuminate\\Foundation\\Bootstrap\\BootProviders->bootstrap(Object(Illuminate\\Foundation\\Application))
#33 /Applications/XAMPP/xamppfiles/htdocs/depion-new/vendor/laravel/framework/src/Illuminate/Foundation/Console/Kernel.php(311): Illuminate\\Foundation\\Application->bootstrapWith(Array)
#34 /Applications/XAMPP/xamppfiles/htdocs/depion-new/vendor/laravel/framework/src/Illuminate/Foundation/Console/Kernel.php(128): Illuminate\\Foundation\\Console\\Kernel->bootstrap()
#35 /Applications/XAMPP/xamppfiles/htdocs/depion-new/artisan(37): Illuminate\\Foundation\\Console\\Kernel->handle(Object(Symfony\\Component\\Console\\Input\\ArgvInput), Object(Symfony\\Component\\Console\\Output\\ConsoleOutput))
#36 {main}
"} 
[2020-07-13 20:00:37] local.ERROR: Invalid argument supplied for foreach() {"exception":"[object] (ErrorException(code: 0): Invalid argument supplied for foreach() at /Applications/XAMPP/xamppfiles/htdocs/depion-new/vendor/spatie/laravel-feed/src/FeedServiceProvider.php:39)
[stacktrace]
#0 /Applications/XAMPP/xamppfiles/htdocs/depion-new/vendor/spatie/laravel-feed/src/FeedServiceProvider.php(39): Illuminate\\Foundation\\Bootstrap\\HandleExceptions->handleError(2, 'Invalid argumen...', '/Applications/X...', 39, Array)
#1 [internal function]: Illuminate\\Routing\\Router->Spatie\\Feed\\{closure}()
#2 /Applications/XAMPP/xamppfiles/htdocs/depion-new/vendor/laravel/framework/src/Illuminate/Support/Traits/Macroable.php(111): call_user_func_array(Object(Closure), Array)
#3 /Applications/XAMPP/xamppfiles/htdocs/depion-new/vendor/laravel/framework/src/Illuminate/Routing/Router.php(1229): Illuminate\\Routing\\Router->macroCall('feeds', Array)
#4 /Applications/XAMPP/xamppfiles/htdocs/depion-new/vendor/laravel/framework/src/Illuminate/Support/Facades/Facade.php(261): Illuminate\\Routing\\Router->__call('feeds', Array)
#5 /Applications/XAMPP/xamppfiles/htdocs/depion-new/routes/web.php(76): Illuminate\\Support\\Facades\\Facade::__callStatic('feeds', Array)
#6 /Applications/XAMPP/xamppfiles/htdocs/depion-new/vendor/laravel/framework/src/Illuminate/Routing/RouteFileRegistrar.php(35): require('/Applications/X...')
#7 /Applications/XAMPP/xamppfiles/htdocs/depion-new/vendor/laravel/framework/src/Illuminate/Routing/Router.php(416): Illuminate\\Routing\\RouteFileRegistrar->register('/Applications/X...')
#8 /Applications/XAMPP/xamppfiles/htdocs/depion-new/vendor/laravel/framework/src/Illuminate/Routing/Router.php(374): Illuminate\\Routing\\Router->loadRoutes('/Applications/X...')
#9 /Applications/XAMPP/xamppfiles/htdocs/depion-new/vendor/laravel/framework/src/Illuminate/Routing/RouteRegistrar.php(134): Illuminate\\Routing\\Router->group(Array, '/Applications/X...')
#10 /Applications/XAMPP/xamppfiles/htdocs/depion-new/app/Providers/RouteServiceProvider.php(63): Illuminate\\Routing\\RouteRegistrar->group('/Applications/X...')
#11 /Applications/XAMPP/xamppfiles/htdocs/depion-new/app/Providers/RouteServiceProvider.php(47): App\\Providers\\RouteServiceProvider->mapWebRoutes()
#12 [internal function]: App\\Providers\\RouteServiceProvider->map()
#13 /Applications/XAMPP/xamppfiles/htdocs/depion-new/vendor/laravel/framework/src/Illuminate/Container/BoundMethod.php(32): call_user_func_array(Array, Array)
#14 /Applications/XAMPP/xamppfiles/htdocs/depion-new/vendor/laravel/framework/src/Illuminate/Container/Util.php(36): Illuminate\\Container\\BoundMethod::Illuminate\\Container\\{closure}()
#15 /Applications/XAMPP/xamppfiles/htdocs/depion-new/vendor/laravel/framework/src/Illuminate/Container/BoundMethod.php(90): Illuminate\\Container\\Util::unwrapIfClosure(Object(Closure))
#16 /Applications/XAMPP/xamppfiles/htdocs/depion-new/vendor/laravel/framework/src/Illuminate/Container/BoundMethod.php(34): Illuminate\\Container\\BoundMethod::callBoundMethod(Object(Illuminate\\Foundation\\Application), Array, Object(Closure))
#17 /Applications/XAMPP/xamppfiles/htdocs/depion-new/vendor/laravel/framework/src/Illuminate/Container/Container.php(590): Illuminate\\Container\\BoundMethod::call(Object(Illuminate\\Foundation\\Application), Array, Array, NULL)
#18 /Applications/XAMPP/xamppfiles/htdocs/depion-new/vendor/laravel/framework/src/Illuminate/Foundation/Support/Providers/RouteServiceProvider.php(87): Illuminate\\Container\\Container->call(Array)
#19 /Applications/XAMPP/xamppfiles/htdocs/depion-new/vendor/laravel/framework/src/Illuminate/Foundation/Support/Providers/RouteServiceProvider.php(36): Illuminate\\Foundation\\Support\\Providers\\RouteServiceProvider->loadRoutes()
#20 /Applications/XAMPP/xamppfiles/htdocs/depion-new/app/Providers/RouteServiceProvider.php(35): Illuminate\\Foundation\\Support\\Providers\\RouteServiceProvider->boot()
#21 [internal function]: App\\Providers\\RouteServiceProvider->boot()
#22 /Applications/XAMPP/xamppfiles/htdocs/depion-new/vendor/laravel/framework/src/Illuminate/Container/BoundMethod.php(32): call_user_func_array(Array, Array)
#23 /Applications/XAMPP/xamppfiles/htdocs/depion-new/vendor/laravel/framework/src/Illuminate/Container/Util.php(36): Illuminate\\Container\\BoundMethod::Illuminate\\Container\\{closure}()
#24 /Applications/XAMPP/xamppfiles/htdocs/depion-new/vendor/laravel/framework/src/Illuminate/Container/BoundMethod.php(90): Illuminate\\Container\\Util::unwrapIfClosure(Object(Closure))
#25 /Applications/XAMPP/xamppfiles/htdocs/depion-new/vendor/laravel/framework/src/Illuminate/Container/BoundMethod.php(34): Illuminate\\Container\\BoundMethod::callBoundMethod(Object(Illuminate\\Foundation\\Application), Array, Object(Closure))
#26 /Applications/XAMPP/xamppfiles/htdocs/depion-new/vendor/laravel/framework/src/Illuminate/Container/Container.php(590): Illuminate\\Container\\BoundMethod::call(Object(Illuminate\\Foundation\\Application), Array, Array, NULL)
#27 /Applications/XAMPP/xamppfiles/htdocs/depion-new/vendor/laravel/framework/src/Illuminate/Foundation/Application.php(858): Illuminate\\Container\\Container->call(Array)
#28 /Applications/XAMPP/xamppfiles/htdocs/depion-new/vendor/laravel/framework/src/Illuminate/Foundation/Application.php(841): Illuminate\\Foundation\\Application->bootProvider(Object(App\\Providers\\RouteServiceProvider))
#29 [internal function]: Illuminate\\Foundation\\Application->Illuminate\\Foundation\\{closure}(Object(App\\Providers\\RouteServiceProvider), 28)
#30 /Applications/XAMPP/xamppfiles/htdocs/depion-new/vendor/laravel/framework/src/Illuminate/Foundation/Application.php(842): array_walk(Array, Object(Closure))
#31 /Applications/XAMPP/xamppfiles/htdocs/depion-new/vendor/laravel/framework/src/Illuminate/Foundation/Bootstrap/BootProviders.php(17): Illuminate\\Foundation\\Application->boot()
#32 /Applications/XAMPP/xamppfiles/htdocs/depion-new/vendor/laravel/framework/src/Illuminate/Foundation/Application.php(221): Illuminate\\Foundation\\Bootstrap\\BootProviders->bootstrap(Object(Illuminate\\Foundation\\Application))
#33 /Applications/XAMPP/xamppfiles/htdocs/depion-new/vendor/laravel/framework/src/Illuminate/Foundation/Console/Kernel.php(311): Illuminate\\Foundation\\Application->bootstrapWith(Array)
#34 /Applications/XAMPP/xamppfiles/htdocs/depion-new/vendor/laravel/framework/src/Illuminate/Foundation/Console/Kernel.php(128): Illuminate\\Foundation\\Console\\Kernel->bootstrap()
#35 /Applications/XAMPP/xamppfiles/htdocs/depion-new/artisan(37): Illuminate\\Foundation\\Console\\Kernel->handle(Object(Symfony\\Component\\Console\\Input\\ArgvInput), Object(Symfony\\Component\\Console\\Output\\ConsoleOutput))
#36 {main}
"} 
[2020-07-13 20:04:18] local.ERROR: Invalid argument supplied for foreach() {"exception":"[object] (ErrorException(code: 0): Invalid argument supplied for foreach() at /Applications/XAMPP/xamppfiles/htdocs/depion-new/vendor/spatie/laravel-feed/src/FeedServiceProvider.php:39)
[stacktrace]
#0 /Applications/XAMPP/xamppfiles/htdocs/depion-new/vendor/spatie/laravel-feed/src/FeedServiceProvider.php(39): Illuminate\\Foundation\\Bootstrap\\HandleExceptions->handleError(2, 'Invalid argumen...', '/Applications/X...', 39, Array)
#1 [internal function]: Illuminate\\Routing\\Router->Spatie\\Feed\\{closure}()
#2 /Applications/XAMPP/xamppfiles/htdocs/depion-new/vendor/laravel/framework/src/Illuminate/Support/Traits/Macroable.php(111): call_user_func_array(Object(Closure), Array)
#3 /Applications/XAMPP/xamppfiles/htdocs/depion-new/vendor/laravel/framework/src/Illuminate/Routing/Router.php(1229): Illuminate\\Routing\\Router->macroCall('feeds', Array)
#4 /Applications/XAMPP/xamppfiles/htdocs/depion-new/vendor/laravel/framework/src/Illuminate/Support/Facades/Facade.php(261): Illuminate\\Routing\\Router->__call('feeds', Array)
#5 /Applications/XAMPP/xamppfiles/htdocs/depion-new/routes/web.php(76): Illuminate\\Support\\Facades\\Facade::__callStatic('feeds', Array)
#6 /Applications/XAMPP/xamppfiles/htdocs/depion-new/vendor/laravel/framework/src/Illuminate/Routing/RouteFileRegistrar.php(35): require('/Applications/X...')
#7 /Applications/XAMPP/xamppfiles/htdocs/depion-new/vendor/laravel/framework/src/Illuminate/Routing/Router.php(416): Illuminate\\Routing\\RouteFileRegistrar->register('/Applications/X...')
#8 /Applications/XAMPP/xamppfiles/htdocs/depion-new/vendor/laravel/framework/src/Illuminate/Routing/Router.php(374): Illuminate\\Routing\\Router->loadRoutes('/Applications/X...')
#9 /Applications/XAMPP/xamppfiles/htdocs/depion-new/vendor/laravel/framework/src/Illuminate/Routing/RouteRegistrar.php(134): Illuminate\\Routing\\Router->group(Array, '/Applications/X...')
#10 /Applications/XAMPP/xamppfiles/htdocs/depion-new/app/Providers/RouteServiceProvider.php(63): Illuminate\\Routing\\RouteRegistrar->group('/Applications/X...')
#11 /Applications/XAMPP/xamppfiles/htdocs/depion-new/app/Providers/RouteServiceProvider.php(47): App\\Providers\\RouteServiceProvider->mapWebRoutes()
#12 [internal function]: App\\Providers\\RouteServiceProvider->map()
#13 /Applications/XAMPP/xamppfiles/htdocs/depion-new/vendor/laravel/framework/src/Illuminate/Container/BoundMethod.php(32): call_user_func_array(Array, Array)
#14 /Applications/XAMPP/xamppfiles/htdocs/depion-new/vendor/laravel/framework/src/Illuminate/Container/Util.php(36): Illuminate\\Container\\BoundMethod::Illuminate\\Container\\{closure}()
#15 /Applications/XAMPP/xamppfiles/htdocs/depion-new/vendor/laravel/framework/src/Illuminate/Container/BoundMethod.php(90): Illuminate\\Container\\Util::unwrapIfClosure(Object(Closure))
#16 /Applications/XAMPP/xamppfiles/htdocs/depion-new/vendor/laravel/framework/src/Illuminate/Container/BoundMethod.php(34): Illuminate\\Container\\BoundMethod::callBoundMethod(Object(Illuminate\\Foundation\\Application), Array, Object(Closure))
#17 /Applications/XAMPP/xamppfiles/htdocs/depion-new/vendor/laravel/framework/src/Illuminate/Container/Container.php(590): Illuminate\\Container\\BoundMethod::call(Object(Illuminate\\Foundation\\Application), Array, Array, NULL)
#18 /Applications/XAMPP/xamppfiles/htdocs/depion-new/vendor/laravel/framework/src/Illuminate/Foundation/Support/Providers/RouteServiceProvider.php(87): Illuminate\\Container\\Container->call(Array)
#19 /Applications/XAMPP/xamppfiles/htdocs/depion-new/vendor/laravel/framework/src/Illuminate/Foundation/Support/Providers/RouteServiceProvider.php(36): Illuminate\\Foundation\\Support\\Providers\\RouteServiceProvider->loadRoutes()
#20 /Applications/XAMPP/xamppfiles/htdocs/depion-new/app/Providers/RouteServiceProvider.php(35): Illuminate\\Foundation\\Support\\Providers\\RouteServiceProvider->boot()
#21 [internal function]: App\\Providers\\RouteServiceProvider->boot()
#22 /Applications/XAMPP/xamppfiles/htdocs/depion-new/vendor/laravel/framework/src/Illuminate/Container/BoundMethod.php(32): call_user_func_array(Array, Array)
#23 /Applications/XAMPP/xamppfiles/htdocs/depion-new/vendor/laravel/framework/src/Illuminate/Container/Util.php(36): Illuminate\\Container\\BoundMethod::Illuminate\\Container\\{closure}()
#24 /Applications/XAMPP/xamppfiles/htdocs/depion-new/vendor/laravel/framework/src/Illuminate/Container/BoundMethod.php(90): Illuminate\\Container\\Util::unwrapIfClosure(Object(Closure))
#25 /Applications/XAMPP/xamppfiles/htdocs/depion-new/vendor/laravel/framework/src/Illuminate/Container/BoundMethod.php(34): Illuminate\\Container\\BoundMethod::callBoundMethod(Object(Illuminate\\Foundation\\Application), Array, Object(Closure))
#26 /Applications/XAMPP/xamppfiles/htdocs/depion-new/vendor/laravel/framework/src/Illuminate/Container/Container.php(590): Illuminate\\Container\\BoundMethod::call(Object(Illuminate\\Foundation\\Application), Array, Array, NULL)
#27 /Applications/XAMPP/xamppfiles/htdocs/depion-new/vendor/laravel/framework/src/Illuminate/Foundation/Application.php(858): Illuminate\\Container\\Container->call(Array)
#28 /Applications/XAMPP/xamppfiles/htdocs/depion-new/vendor/laravel/framework/src/Illuminate/Foundation/Application.php(841): Illuminate\\Foundation\\Application->bootProvider(Object(App\\Providers\\RouteServiceProvider))
#29 [internal function]: Illuminate\\Foundation\\Application->Illuminate\\Foundation\\{closure}(Object(App\\Providers\\RouteServiceProvider), 28)
#30 /Applications/XAMPP/xamppfiles/htdocs/depion-new/vendor/laravel/framework/src/Illuminate/Foundation/Application.php(842): array_walk(Array, Object(Closure))
#31 /Applications/XAMPP/xamppfiles/htdocs/depion-new/vendor/laravel/framework/src/Illuminate/Foundation/Bootstrap/BootProviders.php(17): Illuminate\\Foundation\\Application->boot()
#32 /Applications/XAMPP/xamppfiles/htdocs/depion-new/vendor/laravel/framework/src/Illuminate/Foundation/Application.php(221): Illuminate\\Foundation\\Bootstrap\\BootProviders->bootstrap(Object(Illuminate\\Foundation\\Application))
#33 /Applications/XAMPP/xamppfiles/htdocs/depion-new/vendor/laravel/framework/src/Illuminate/Foundation/Console/Kernel.php(311): Illuminate\\Foundation\\Application->bootstrapWith(Array)
#34 /Applications/XAMPP/xamppfiles/htdocs/depion-new/vendor/laravel/framework/src/Illuminate/Foundation/Console/Kernel.php(128): Illuminate\\Foundation\\Console\\Kernel->bootstrap()
#35 /Applications/XAMPP/xamppfiles/htdocs/depion-new/artisan(37): Illuminate\\Foundation\\Console\\Kernel->handle(Object(Symfony\\Component\\Console\\Input\\ArgvInput), Object(Symfony\\Component\\Console\\Output\\ConsoleOutput))
#36 {main}
"} 
[2020-07-13 20:05:23] local.ERROR: Invalid argument supplied for foreach() {"exception":"[object] (ErrorException(code: 0): Invalid argument supplied for foreach() at /Applications/XAMPP/xamppfiles/htdocs/depion-new/vendor/spatie/laravel-feed/src/FeedServiceProvider.php:39)
[stacktrace]
#0 /Applications/XAMPP/xamppfiles/htdocs/depion-new/vendor/spatie/laravel-feed/src/FeedServiceProvider.php(39): Illuminate\\Foundation\\Bootstrap\\HandleExceptions->handleError(2, 'Invalid argumen...', '/Applications/X...', 39, Array)
#1 [internal function]: Illuminate\\Routing\\Router->Spatie\\Feed\\{closure}()
#2 /Applications/XAMPP/xamppfiles/htdocs/depion-new/vendor/laravel/framework/src/Illuminate/Support/Traits/Macroable.php(111): call_user_func_array(Object(Closure), Array)
#3 /Applications/XAMPP/xamppfiles/htdocs/depion-new/vendor/laravel/framework/src/Illuminate/Routing/Router.php(1229): Illuminate\\Routing\\Router->macroCall('feeds', Array)
#4 /Applications/XAMPP/xamppfiles/htdocs/depion-new/vendor/laravel/framework/src/Illuminate/Support/Facades/Facade.php(261): Illuminate\\Routing\\Router->__call('feeds', Array)
#5 /Applications/XAMPP/xamppfiles/htdocs/depion-new/routes/web.php(76): Illuminate\\Support\\Facades\\Facade::__callStatic('feeds', Array)
#6 /Applications/XAMPP/xamppfiles/htdocs/depion-new/vendor/laravel/framework/src/Illuminate/Routing/RouteFileRegistrar.php(35): require('/Applications/X...')
#7 /Applications/XAMPP/xamppfiles/htdocs/depion-new/vendor/laravel/framework/src/Illuminate/Routing/Router.php(416): Illuminate\\Routing\\RouteFileRegistrar->register('/Applications/X...')
#8 /Applications/XAMPP/xamppfiles/htdocs/depion-new/vendor/laravel/framework/src/Illuminate/Routing/Router.php(374): Illuminate\\Routing\\Router->loadRoutes('/Applications/X...')
#9 /Applications/XAMPP/xamppfiles/htdocs/depion-new/vendor/laravel/framework/src/Illuminate/Routing/RouteRegistrar.php(134): Illuminate\\Routing\\Router->group(Array, '/Applications/X...')
#10 /Applications/XAMPP/xamppfiles/htdocs/depion-new/app/Providers/RouteServiceProvider.php(63): Illuminate\\Routing\\RouteRegistrar->group('/Applications/X...')
#11 /Applications/XAMPP/xamppfiles/htdocs/depion-new/app/Providers/RouteServiceProvider.php(47): App\\Providers\\RouteServiceProvider->mapWebRoutes()
#12 [internal function]: App\\Providers\\RouteServiceProvider->map()
#13 /Applications/XAMPP/xamppfiles/htdocs/depion-new/vendor/laravel/framework/src/Illuminate/Container/BoundMethod.php(32): call_user_func_array(Array, Array)
#14 /Applications/XAMPP/xamppfiles/htdocs/depion-new/vendor/laravel/framework/src/Illuminate/Container/Util.php(36): Illuminate\\Container\\BoundMethod::Illuminate\\Container\\{closure}()
#15 /Applications/XAMPP/xamppfiles/htdocs/depion-new/vendor/laravel/framework/src/Illuminate/Container/BoundMethod.php(90): Illuminate\\Container\\Util::unwrapIfClosure(Object(Closure))
#16 /Applications/XAMPP/xamppfiles/htdocs/depion-new/vendor/laravel/framework/src/Illuminate/Container/BoundMethod.php(34): Illuminate\\Container\\BoundMethod::callBoundMethod(Object(Illuminate\\Foundation\\Application), Array, Object(Closure))
#17 /Applications/XAMPP/xamppfiles/htdocs/depion-new/vendor/laravel/framework/src/Illuminate/Container/Container.php(590): Illuminate\\Container\\BoundMethod::call(Object(Illuminate\\Foundation\\Application), Array, Array, NULL)
#18 /Applications/XAMPP/xamppfiles/htdocs/depion-new/vendor/laravel/framework/src/Illuminate/Foundation/Support/Providers/RouteServiceProvider.php(87): Illuminate\\Container\\Container->call(Array)
#19 /Applications/XAMPP/xamppfiles/htdocs/depion-new/vendor/laravel/framework/src/Illuminate/Foundation/Support/Providers/RouteServiceProvider.php(36): Illuminate\\Foundation\\Support\\Providers\\RouteServiceProvider->loadRoutes()
#20 /Applications/XAMPP/xamppfiles/htdocs/depion-new/app/Providers/RouteServiceProvider.php(35): Illuminate\\Foundation\\Support\\Providers\\RouteServiceProvider->boot()
#21 [internal function]: App\\Providers\\RouteServiceProvider->boot()
#22 /Applications/XAMPP/xamppfiles/htdocs/depion-new/vendor/laravel/framework/src/Illuminate/Container/BoundMethod.php(32): call_user_func_array(Array, Array)
#23 /Applications/XAMPP/xamppfiles/htdocs/depion-new/vendor/laravel/framework/src/Illuminate/Container/Util.php(36): Illuminate\\Container\\BoundMethod::Illuminate\\Container\\{closure}()
#24 /Applications/XAMPP/xamppfiles/htdocs/depion-new/vendor/laravel/framework/src/Illuminate/Container/BoundMethod.php(90): Illuminate\\Container\\Util::unwrapIfClosure(Object(Closure))
#25 /Applications/XAMPP/xamppfiles/htdocs/depion-new/vendor/laravel/framework/src/Illuminate/Container/BoundMethod.php(34): Illuminate\\Container\\BoundMethod::callBoundMethod(Object(Illuminate\\Foundation\\Application), Array, Object(Closure))
#26 /Applications/XAMPP/xamppfiles/htdocs/depion-new/vendor/laravel/framework/src/Illuminate/Container/Container.php(590): Illuminate\\Container\\BoundMethod::call(Object(Illuminate\\Foundation\\Application), Array, Array, NULL)
#27 /Applications/XAMPP/xamppfiles/htdocs/depion-new/vendor/laravel/framework/src/Illuminate/Foundation/Application.php(858): Illuminate\\Container\\Container->call(Array)
#28 /Applications/XAMPP/xamppfiles/htdocs/depion-new/vendor/laravel/framework/src/Illuminate/Foundation/Application.php(841): Illuminate\\Foundation\\Application->bootProvider(Object(App\\Providers\\RouteServiceProvider))
#29 [internal function]: Illuminate\\Foundation\\Application->Illuminate\\Foundation\\{closure}(Object(App\\Providers\\RouteServiceProvider), 28)
#30 /Applications/XAMPP/xamppfiles/htdocs/depion-new/vendor/laravel/framework/src/Illuminate/Foundation/Application.php(842): array_walk(Array, Object(Closure))
#31 /Applications/XAMPP/xamppfiles/htdocs/depion-new/vendor/laravel/framework/src/Illuminate/Foundation/Bootstrap/BootProviders.php(17): Illuminate\\Foundation\\Application->boot()
#32 /Applications/XAMPP/xamppfiles/htdocs/depion-new/vendor/laravel/framework/src/Illuminate/Foundation/Application.php(221): Illuminate\\Foundation\\Bootstrap\\BootProviders->bootstrap(Object(Illuminate\\Foundation\\Application))
#33 /Applications/XAMPP/xamppfiles/htdocs/depion-new/vendor/laravel/framework/src/Illuminate/Foundation/Console/Kernel.php(311): Illuminate\\Foundation\\Application->bootstrapWith(Array)
#34 /Applications/XAMPP/xamppfiles/htdocs/depion-new/vendor/laravel/framework/src/Illuminate/Foundation/Console/Kernel.php(128): Illuminate\\Foundation\\Console\\Kernel->bootstrap()
#35 /Applications/XAMPP/xamppfiles/htdocs/depion-new/artisan(37): Illuminate\\Foundation\\Console\\Kernel->handle(Object(Symfony\\Component\\Console\\Input\\ArgvInput), Object(Symfony\\Component\\Console\\Output\\ConsoleOutput))
#36 {main}
"} 
[2020-07-13 20:12:07] local.ERROR: Method Illuminate\Routing\Route::feeds does not exist. {"exception":"[object] (BadMethodCallException(code: 0): Method Illuminate\\Routing\\Route::feeds does not exist. at /Applications/XAMPP/xamppfiles/htdocs/depion-new/vendor/laravel/framework/src/Illuminate/Support/Traits/Macroable.php:103)
[stacktrace]
#0 /Applications/XAMPP/xamppfiles/htdocs/depion-new/routes/web.php(76): Illuminate\\Routing\\Route->__call('feeds', Array)
#1 /Applications/XAMPP/xamppfiles/htdocs/depion-new/vendor/laravel/framework/src/Illuminate/Routing/RouteFileRegistrar.php(35): require('/Applications/X...')
#2 /Applications/XAMPP/xamppfiles/htdocs/depion-new/vendor/laravel/framework/src/Illuminate/Routing/Router.php(416): Illuminate\\Routing\\RouteFileRegistrar->register('/Applications/X...')
#3 /Applications/XAMPP/xamppfiles/htdocs/depion-new/vendor/laravel/framework/src/Illuminate/Routing/Router.php(374): Illuminate\\Routing\\Router->loadRoutes('/Applications/X...')
#4 /Applications/XAMPP/xamppfiles/htdocs/depion-new/vendor/laravel/framework/src/Illuminate/Routing/RouteRegistrar.php(134): Illuminate\\Routing\\Router->group(Array, '/Applications/X...')
#5 /Applications/XAMPP/xamppfiles/htdocs/depion-new/app/Providers/RouteServiceProvider.php(63): Illuminate\\Routing\\RouteRegistrar->group('/Applications/X...')
#6 /Applications/XAMPP/xamppfiles/htdocs/depion-new/app/Providers/RouteServiceProvider.php(47): App\\Providers\\RouteServiceProvider->mapWebRoutes()
#7 [internal function]: App\\Providers\\RouteServiceProvider->map()
#8 /Applications/XAMPP/xamppfiles/htdocs/depion-new/vendor/laravel/framework/src/Illuminate/Container/BoundMethod.php(32): call_user_func_array(Array, Array)
#9 /Applications/XAMPP/xamppfiles/htdocs/depion-new/vendor/laravel/framework/src/Illuminate/Container/Util.php(36): Illuminate\\Container\\BoundMethod::Illuminate\\Container\\{closure}()
#10 /Applications/XAMPP/xamppfiles/htdocs/depion-new/vendor/laravel/framework/src/Illuminate/Container/BoundMethod.php(90): Illuminate\\Container\\Util::unwrapIfClosure(Object(Closure))
#11 /Applications/XAMPP/xamppfiles/htdocs/depion-new/vendor/laravel/framework/src/Illuminate/Container/BoundMethod.php(34): Illuminate\\Container\\BoundMethod::callBoundMethod(Object(Illuminate\\Foundation\\Application), Array, Object(Closure))
#12 /Applications/XAMPP/xamppfiles/htdocs/depion-new/vendor/laravel/framework/src/Illuminate/Container/Container.php(590): Illuminate\\Container\\BoundMethod::call(Object(Illuminate\\Foundation\\Application), Array, Array, NULL)
#13 /Applications/XAMPP/xamppfiles/htdocs/depion-new/vendor/laravel/framework/src/Illuminate/Foundation/Support/Providers/RouteServiceProvider.php(87): Illuminate\\Container\\Container->call(Array)
#14 /Applications/XAMPP/xamppfiles/htdocs/depion-new/vendor/laravel/framework/src/Illuminate/Foundation/Support/Providers/RouteServiceProvider.php(36): Illuminate\\Foundation\\Support\\Providers\\RouteServiceProvider->loadRoutes()
#15 /Applications/XAMPP/xamppfiles/htdocs/depion-new/app/Providers/RouteServiceProvider.php(35): Illuminate\\Foundation\\Support\\Providers\\RouteServiceProvider->boot()
#16 [internal function]: App\\Providers\\RouteServiceProvider->boot()
#17 /Applications/XAMPP/xamppfiles/htdocs/depion-new/vendor/laravel/framework/src/Illuminate/Container/BoundMethod.php(32): call_user_func_array(Array, Array)
#18 /Applications/XAMPP/xamppfiles/htdocs/depion-new/vendor/laravel/framework/src/Illuminate/Container/Util.php(36): Illuminate\\Container\\BoundMethod::Illuminate\\Container\\{closure}()
#19 /Applications/XAMPP/xamppfiles/htdocs/depion-new/vendor/laravel/framework/src/Illuminate/Container/BoundMethod.php(90): Illuminate\\Container\\Util::unwrapIfClosure(Object(Closure))
#20 /Applications/XAMPP/xamppfiles/htdocs/depion-new/vendor/laravel/framework/src/Illuminate/Container/BoundMethod.php(34): Illuminate\\Container\\BoundMethod::callBoundMethod(Object(Illuminate\\Foundation\\Application), Array, Object(Closure))
#21 /Applications/XAMPP/xamppfiles/htdocs/depion-new/vendor/laravel/framework/src/Illuminate/Container/Container.php(590): Illuminate\\Container\\BoundMethod::call(Object(Illuminate\\Foundation\\Application), Array, Array, NULL)
#22 /Applications/XAMPP/xamppfiles/htdocs/depion-new/vendor/laravel/framework/src/Illuminate/Foundation/Application.php(858): Illuminate\\Container\\Container->call(Array)
#23 /Applications/XAMPP/xamppfiles/htdocs/depion-new/vendor/laravel/framework/src/Illuminate/Foundation/Application.php(841): Illuminate\\Foundation\\Application->bootProvider(Object(App\\Providers\\RouteServiceProvider))
#24 [internal function]: Illuminate\\Foundation\\Application->Illuminate\\Foundation\\{closure}(Object(App\\Providers\\RouteServiceProvider), 28)
#25 /Applications/XAMPP/xamppfiles/htdocs/depion-new/vendor/laravel/framework/src/Illuminate/Foundation/Application.php(842): array_walk(Array, Object(Closure))
#26 /Applications/XAMPP/xamppfiles/htdocs/depion-new/vendor/laravel/framework/src/Illuminate/Foundation/Bootstrap/BootProviders.php(17): Illuminate\\Foundation\\Application->boot()
#27 /Applications/XAMPP/xamppfiles/htdocs/depion-new/vendor/laravel/framework/src/Illuminate/Foundation/Application.php(221): Illuminate\\Foundation\\Bootstrap\\BootProviders->bootstrap(Object(Illuminate\\Foundation\\Application))
#28 /Applications/XAMPP/xamppfiles/htdocs/depion-new/vendor/laravel/framework/src/Illuminate/Foundation/Console/Kernel.php(311): Illuminate\\Foundation\\Application->bootstrapWith(Array)
#29 /Applications/XAMPP/xamppfiles/htdocs/depion-new/vendor/laravel/framework/src/Illuminate/Foundation/Console/Kernel.php(128): Illuminate\\Foundation\\Console\\Kernel->bootstrap()
#30 /Applications/XAMPP/xamppfiles/htdocs/depion-new/artisan(37): Illuminate\\Foundation\\Console\\Kernel->handle(Object(Symfony\\Component\\Console\\Input\\ArgvInput), Object(Symfony\\Component\\Console\\Output\\ConsoleOutput))
#31 {main}
"} 
[2020-07-13 20:13:12] local.ERROR: Invalid argument supplied for foreach() {"exception":"[object] (ErrorException(code: 0): Invalid argument supplied for foreach() at /Applications/XAMPP/xamppfiles/htdocs/depion-new/vendor/spatie/laravel-feed/src/FeedServiceProvider.php:40)
[stacktrace]
#0 /Applications/XAMPP/xamppfiles/htdocs/depion-new/vendor/spatie/laravel-feed/src/FeedServiceProvider.php(40): Illuminate\\Foundation\\Bootstrap\\HandleExceptions->handleError(2, 'Invalid argumen...', '/Applications/X...', 40, Array)
#1 [internal function]: Illuminate\\Routing\\Router->Spatie\\Feed\\{closure}('notifications')
#2 /Applications/XAMPP/xamppfiles/htdocs/depion-new/vendor/laravel/framework/src/Illuminate/Support/Traits/Macroable.php(111): call_user_func_array(Object(Closure), Array)
#3 /Applications/XAMPP/xamppfiles/htdocs/depion-new/vendor/laravel/framework/src/Illuminate/Routing/Router.php(1229): Illuminate\\Routing\\Router->macroCall('feeds', Array)
#4 /Applications/XAMPP/xamppfiles/htdocs/depion-new/vendor/laravel/framework/src/Illuminate/Support/Facades/Facade.php(261): Illuminate\\Routing\\Router->__call('feeds', Array)
#5 /Applications/XAMPP/xamppfiles/htdocs/depion-new/routes/web.php(76): Illuminate\\Support\\Facades\\Facade::__callStatic('feeds', Array)
#6 /Applications/XAMPP/xamppfiles/htdocs/depion-new/vendor/laravel/framework/src/Illuminate/Routing/RouteFileRegistrar.php(35): require('/Applications/X...')
#7 /Applications/XAMPP/xamppfiles/htdocs/depion-new/vendor/laravel/framework/src/Illuminate/Routing/Router.php(416): Illuminate\\Routing\\RouteFileRegistrar->register('/Applications/X...')
#8 /Applications/XAMPP/xamppfiles/htdocs/depion-new/vendor/laravel/framework/src/Illuminate/Routing/Router.php(374): Illuminate\\Routing\\Router->loadRoutes('/Applications/X...')
#9 /Applications/XAMPP/xamppfiles/htdocs/depion-new/vendor/laravel/framework/src/Illuminate/Routing/RouteRegistrar.php(134): Illuminate\\Routing\\Router->group(Array, '/Applications/X...')
#10 /Applications/XAMPP/xamppfiles/htdocs/depion-new/app/Providers/RouteServiceProvider.php(63): Illuminate\\Routing\\RouteRegistrar->group('/Applications/X...')
#11 /Applications/XAMPP/xamppfiles/htdocs/depion-new/app/Providers/RouteServiceProvider.php(47): App\\Providers\\RouteServiceProvider->mapWebRoutes()
#12 [internal function]: App\\Providers\\RouteServiceProvider->map()
#13 /Applications/XAMPP/xamppfiles/htdocs/depion-new/vendor/laravel/framework/src/Illuminate/Container/BoundMethod.php(32): call_user_func_array(Array, Array)
#14 /Applications/XAMPP/xamppfiles/htdocs/depion-new/vendor/laravel/framework/src/Illuminate/Container/Util.php(36): Illuminate\\Container\\BoundMethod::Illuminate\\Container\\{closure}()
#15 /Applications/XAMPP/xamppfiles/htdocs/depion-new/vendor/laravel/framework/src/Illuminate/Container/BoundMethod.php(90): Illuminate\\Container\\Util::unwrapIfClosure(Object(Closure))
#16 /Applications/XAMPP/xamppfiles/htdocs/depion-new/vendor/laravel/framework/src/Illuminate/Container/BoundMethod.php(34): Illuminate\\Container\\BoundMethod::callBoundMethod(Object(Illuminate\\Foundation\\Application), Array, Object(Closure))
#17 /Applications/XAMPP/xamppfiles/htdocs/depion-new/vendor/laravel/framework/src/Illuminate/Container/Container.php(590): Illuminate\\Container\\BoundMethod::call(Object(Illuminate\\Foundation\\Application), Array, Array, NULL)
#18 /Applications/XAMPP/xamppfiles/htdocs/depion-new/vendor/laravel/framework/src/Illuminate/Foundation/Support/Providers/RouteServiceProvider.php(87): Illuminate\\Container\\Container->call(Array)
#19 /Applications/XAMPP/xamppfiles/htdocs/depion-new/vendor/laravel/framework/src/Illuminate/Foundation/Support/Providers/RouteServiceProvider.php(36): Illuminate\\Foundation\\Support\\Providers\\RouteServiceProvider->loadRoutes()
#20 /Applications/XAMPP/xamppfiles/htdocs/depion-new/app/Providers/RouteServiceProvider.php(35): Illuminate\\Foundation\\Support\\Providers\\RouteServiceProvider->boot()
#21 [internal function]: App\\Providers\\RouteServiceProvider->boot()
#22 /Applications/XAMPP/xamppfiles/htdocs/depion-new/vendor/laravel/framework/src/Illuminate/Container/BoundMethod.php(32): call_user_func_array(Array, Array)
#23 /Applications/XAMPP/xamppfiles/htdocs/depion-new/vendor/laravel/framework/src/Illuminate/Container/Util.php(36): Illuminate\\Container\\BoundMethod::Illuminate\\Container\\{closure}()
#24 /Applications/XAMPP/xamppfiles/htdocs/depion-new/vendor/laravel/framework/src/Illuminate/Container/BoundMethod.php(90): Illuminate\\Container\\Util::unwrapIfClosure(Object(Closure))
#25 /Applications/XAMPP/xamppfiles/htdocs/depion-new/vendor/laravel/framework/src/Illuminate/Container/BoundMethod.php(34): Illuminate\\Container\\BoundMethod::callBoundMethod(Object(Illuminate\\Foundation\\Application), Array, Object(Closure))
#26 /Applications/XAMPP/xamppfiles/htdocs/depion-new/vendor/laravel/framework/src/Illuminate/Container/Container.php(590): Illuminate\\Container\\BoundMethod::call(Object(Illuminate\\Foundation\\Application), Array, Array, NULL)
#27 /Applications/XAMPP/xamppfiles/htdocs/depion-new/vendor/laravel/framework/src/Illuminate/Foundation/Application.php(858): Illuminate\\Container\\Container->call(Array)
#28 /Applications/XAMPP/xamppfiles/htdocs/depion-new/vendor/laravel/framework/src/Illuminate/Foundation/Application.php(841): Illuminate\\Foundation\\Application->bootProvider(Object(App\\Providers\\RouteServiceProvider))
#29 [internal function]: Illuminate\\Foundation\\Application->Illuminate\\Foundation\\{closure}(Object(App\\Providers\\RouteServiceProvider), 28)
#30 /Applications/XAMPP/xamppfiles/htdocs/depion-new/vendor/laravel/framework/src/Illuminate/Foundation/Application.php(842): array_walk(Array, Object(Closure))
#31 /Applications/XAMPP/xamppfiles/htdocs/depion-new/vendor/laravel/framework/src/Illuminate/Foundation/Bootstrap/BootProviders.php(17): Illuminate\\Foundation\\Application->boot()
#32 /Applications/XAMPP/xamppfiles/htdocs/depion-new/vendor/laravel/framework/src/Illuminate/Foundation/Application.php(221): Illuminate\\Foundation\\Bootstrap\\BootProviders->bootstrap(Object(Illuminate\\Foundation\\Application))
#33 /Applications/XAMPP/xamppfiles/htdocs/depion-new/vendor/laravel/framework/src/Illuminate/Foundation/Console/Kernel.php(311): Illuminate\\Foundation\\Application->bootstrapWith(Array)
#34 /Applications/XAMPP/xamppfiles/htdocs/depion-new/vendor/laravel/framework/src/Illuminate/Foundation/Console/Kernel.php(128): Illuminate\\Foundation\\Console\\Kernel->bootstrap()
#35 /Applications/XAMPP/xamppfiles/htdocs/depion-new/artisan(37): Illuminate\\Foundation\\Console\\Kernel->handle(Object(Symfony\\Component\\Console\\Input\\ArgvInput), Object(Symfony\\Component\\Console\\Output\\ConsoleOutput))
#36 {main}
"} 
[2020-07-13 20:21:07] local.ERROR: Undefined offset: 0 {"exception":"[object] (ErrorException(code: 0): Undefined offset: 0 at /Applications/XAMPP/xamppfiles/htdocs/depion-new/vendor/laravel/framework/src/Illuminate/Routing/Router.php:1236)
[stacktrace]
#0 /Applications/XAMPP/xamppfiles/htdocs/depion-new/vendor/laravel/framework/src/Illuminate/Routing/Router.php(1236): Illuminate\\Foundation\\Bootstrap\\HandleExceptions->handleError(8, 'Undefined offse...', '/Applications/X...', 1236, Array)
#1 /Applications/XAMPP/xamppfiles/htdocs/depion-new/vendor/laravel/framework/src/Illuminate/Support/Facades/Facade.php(261): Illuminate\\Routing\\Router->__call('feed', Array)
#2 /Applications/XAMPP/xamppfiles/htdocs/depion-new/routes/web.php(76): Illuminate\\Support\\Facades\\Facade::__callStatic('feed', Array)
#3 /Applications/XAMPP/xamppfiles/htdocs/depion-new/vendor/laravel/framework/src/Illuminate/Routing/RouteFileRegistrar.php(35): require('/Applications/X...')
#4 /Applications/XAMPP/xamppfiles/htdocs/depion-new/vendor/laravel/framework/src/Illuminate/Routing/Router.php(416): Illuminate\\Routing\\RouteFileRegistrar->register('/Applications/X...')
#5 /Applications/XAMPP/xamppfiles/htdocs/depion-new/vendor/laravel/framework/src/Illuminate/Routing/Router.php(374): Illuminate\\Routing\\Router->loadRoutes('/Applications/X...')
#6 /Applications/XAMPP/xamppfiles/htdocs/depion-new/vendor/laravel/framework/src/Illuminate/Routing/RouteRegistrar.php(134): Illuminate\\Routing\\Router->group(Array, '/Applications/X...')
#7 /Applications/XAMPP/xamppfiles/htdocs/depion-new/app/Providers/RouteServiceProvider.php(63): Illuminate\\Routing\\RouteRegistrar->group('/Applications/X...')
#8 /Applications/XAMPP/xamppfiles/htdocs/depion-new/app/Providers/RouteServiceProvider.php(47): App\\Providers\\RouteServiceProvider->mapWebRoutes()
#9 [internal function]: App\\Providers\\RouteServiceProvider->map()
#10 /Applications/XAMPP/xamppfiles/htdocs/depion-new/vendor/laravel/framework/src/Illuminate/Container/BoundMethod.php(32): call_user_func_array(Array, Array)
#11 /Applications/XAMPP/xamppfiles/htdocs/depion-new/vendor/laravel/framework/src/Illuminate/Container/Util.php(36): Illuminate\\Container\\BoundMethod::Illuminate\\Container\\{closure}()
#12 /Applications/XAMPP/xamppfiles/htdocs/depion-new/vendor/laravel/framework/src/Illuminate/Container/BoundMethod.php(90): Illuminate\\Container\\Util::unwrapIfClosure(Object(Closure))
#13 /Applications/XAMPP/xamppfiles/htdocs/depion-new/vendor/laravel/framework/src/Illuminate/Container/BoundMethod.php(34): Illuminate\\Container\\BoundMethod::callBoundMethod(Object(Illuminate\\Foundation\\Application), Array, Object(Closure))
#14 /Applications/XAMPP/xamppfiles/htdocs/depion-new/vendor/laravel/framework/src/Illuminate/Container/Container.php(590): Illuminate\\Container\\BoundMethod::call(Object(Illuminate\\Foundation\\Application), Array, Array, NULL)
#15 /Applications/XAMPP/xamppfiles/htdocs/depion-new/vendor/laravel/framework/src/Illuminate/Foundation/Support/Providers/RouteServiceProvider.php(87): Illuminate\\Container\\Container->call(Array)
#16 /Applications/XAMPP/xamppfiles/htdocs/depion-new/vendor/laravel/framework/src/Illuminate/Foundation/Support/Providers/RouteServiceProvider.php(36): Illuminate\\Foundation\\Support\\Providers\\RouteServiceProvider->loadRoutes()
#17 /Applications/XAMPP/xamppfiles/htdocs/depion-new/app/Providers/RouteServiceProvider.php(35): Illuminate\\Foundation\\Support\\Providers\\RouteServiceProvider->boot()
#18 [internal function]: App\\Providers\\RouteServiceProvider->boot()
#19 /Applications/XAMPP/xamppfiles/htdocs/depion-new/vendor/laravel/framework/src/Illuminate/Container/BoundMethod.php(32): call_user_func_array(Array, Array)
#20 /Applications/XAMPP/xamppfiles/htdocs/depion-new/vendor/laravel/framework/src/Illuminate/Container/Util.php(36): Illuminate\\Container\\BoundMethod::Illuminate\\Container\\{closure}()
#21 /Applications/XAMPP/xamppfiles/htdocs/depion-new/vendor/laravel/framework/src/Illuminate/Container/BoundMethod.php(90): Illuminate\\Container\\Util::unwrapIfClosure(Object(Closure))
#22 /Applications/XAMPP/xamppfiles/htdocs/depion-new/vendor/laravel/framework/src/Illuminate/Container/BoundMethod.php(34): Illuminate\\Container\\BoundMethod::callBoundMethod(Object(Illuminate\\Foundation\\Application), Array, Object(Closure))
#23 /Applications/XAMPP/xamppfiles/htdocs/depion-new/vendor/laravel/framework/src/Illuminate/Container/Container.php(590): Illuminate\\Container\\BoundMethod::call(Object(Illuminate\\Foundation\\Application), Array, Array, NULL)
#24 /Applications/XAMPP/xamppfiles/htdocs/depion-new/vendor/laravel/framework/src/Illuminate/Foundation/Application.php(858): Illuminate\\Container\\Container->call(Array)
#25 /Applications/XAMPP/xamppfiles/htdocs/depion-new/vendor/laravel/framework/src/Illuminate/Foundation/Application.php(841): Illuminate\\Foundation\\Application->bootProvider(Object(App\\Providers\\RouteServiceProvider))
#26 [internal function]: Illuminate\\Foundation\\Application->Illuminate\\Foundation\\{closure}(Object(App\\Providers\\RouteServiceProvider), 28)
#27 /Applications/XAMPP/xamppfiles/htdocs/depion-new/vendor/laravel/framework/src/Illuminate/Foundation/Application.php(842): array_walk(Array, Object(Closure))
#28 /Applications/XAMPP/xamppfiles/htdocs/depion-new/vendor/laravel/framework/src/Illuminate/Foundation/Bootstrap/BootProviders.php(17): Illuminate\\Foundation\\Application->boot()
#29 /Applications/XAMPP/xamppfiles/htdocs/depion-new/vendor/laravel/framework/src/Illuminate/Foundation/Application.php(221): Illuminate\\Foundation\\Bootstrap\\BootProviders->bootstrap(Object(Illuminate\\Foundation\\Application))
#30 /Applications/XAMPP/xamppfiles/htdocs/depion-new/vendor/laravel/framework/src/Illuminate/Foundation/Console/Kernel.php(311): Illuminate\\Foundation\\Application->bootstrapWith(Array)
#31 /Applications/XAMPP/xamppfiles/htdocs/depion-new/vendor/laravel/framework/src/Illuminate/Foundation/Console/Kernel.php(128): Illuminate\\Foundation\\Console\\Kernel->bootstrap()
#32 /Applications/XAMPP/xamppfiles/htdocs/depion-new/artisan(37): Illuminate\\Foundation\\Console\\Kernel->handle(Object(Symfony\\Component\\Console\\Input\\ArgvInput), Object(Symfony\\Component\\Console\\Output\\ConsoleOutput))
#33 {main}
"} 
[2020-07-13 20:26:14] local.ERROR: Invalid argument supplied for foreach() {"exception":"[object] (ErrorException(code: 0): Invalid argument supplied for foreach() at /Applications/XAMPP/xamppfiles/htdocs/depion-new/vendor/spatie/laravel-feed/src/FeedServiceProvider.php:40)
[stacktrace]
#0 /Applications/XAMPP/xamppfiles/htdocs/depion-new/vendor/spatie/laravel-feed/src/FeedServiceProvider.php(40): Illuminate\\Foundation\\Bootstrap\\HandleExceptions->handleError(2, 'Invalid argumen...', '/Applications/X...', 40, Array)
#1 [internal function]: Illuminate\\Routing\\Router->Spatie\\Feed\\{closure}()
#2 /Applications/XAMPP/xamppfiles/htdocs/depion-new/vendor/laravel/framework/src/Illuminate/Support/Traits/Macroable.php(111): call_user_func_array(Object(Closure), Array)
#3 /Applications/XAMPP/xamppfiles/htdocs/depion-new/vendor/laravel/framework/src/Illuminate/Routing/Router.php(1229): Illuminate\\Routing\\Router->macroCall('feeds', Array)
#4 /Applications/XAMPP/xamppfiles/htdocs/depion-new/vendor/laravel/framework/src/Illuminate/Support/Facades/Facade.php(261): Illuminate\\Routing\\Router->__call('feeds', Array)
#5 /Applications/XAMPP/xamppfiles/htdocs/depion-new/routes/web.php(76): Illuminate\\Support\\Facades\\Facade::__callStatic('feeds', Array)
#6 /Applications/XAMPP/xamppfiles/htdocs/depion-new/vendor/laravel/framework/src/Illuminate/Routing/RouteFileRegistrar.php(35): require('/Applications/X...')
#7 /Applications/XAMPP/xamppfiles/htdocs/depion-new/vendor/laravel/framework/src/Illuminate/Routing/Router.php(416): Illuminate\\Routing\\RouteFileRegistrar->register('/Applications/X...')
#8 /Applications/XAMPP/xamppfiles/htdocs/depion-new/vendor/laravel/framework/src/Illuminate/Routing/Router.php(374): Illuminate\\Routing\\Router->loadRoutes('/Applications/X...')
#9 /Applications/XAMPP/xamppfiles/htdocs/depion-new/vendor/laravel/framework/src/Illuminate/Routing/RouteRegistrar.php(134): Illuminate\\Routing\\Router->group(Array, '/Applications/X...')
#10 /Applications/XAMPP/xamppfiles/htdocs/depion-new/app/Providers/RouteServiceProvider.php(63): Illuminate\\Routing\\RouteRegistrar->group('/Applications/X...')
#11 /Applications/XAMPP/xamppfiles/htdocs/depion-new/app/Providers/RouteServiceProvider.php(47): App\\Providers\\RouteServiceProvider->mapWebRoutes()
#12 [internal function]: App\\Providers\\RouteServiceProvider->map()
#13 /Applications/XAMPP/xamppfiles/htdocs/depion-new/vendor/laravel/framework/src/Illuminate/Container/BoundMethod.php(32): call_user_func_array(Array, Array)
#14 /Applications/XAMPP/xamppfiles/htdocs/depion-new/vendor/laravel/framework/src/Illuminate/Container/Util.php(36): Illuminate\\Container\\BoundMethod::Illuminate\\Container\\{closure}()
#15 /Applications/XAMPP/xamppfiles/htdocs/depion-new/vendor/laravel/framework/src/Illuminate/Container/BoundMethod.php(90): Illuminate\\Container\\Util::unwrapIfClosure(Object(Closure))
#16 /Applications/XAMPP/xamppfiles/htdocs/depion-new/vendor/laravel/framework/src/Illuminate/Container/BoundMethod.php(34): Illuminate\\Container\\BoundMethod::callBoundMethod(Object(Illuminate\\Foundation\\Application), Array, Object(Closure))
#17 /Applications/XAMPP/xamppfiles/htdocs/depion-new/vendor/laravel/framework/src/Illuminate/Container/Container.php(590): Illuminate\\Container\\BoundMethod::call(Object(Illuminate\\Foundation\\Application), Array, Array, NULL)
#18 /Applications/XAMPP/xamppfiles/htdocs/depion-new/vendor/laravel/framework/src/Illuminate/Foundation/Support/Providers/RouteServiceProvider.php(87): Illuminate\\Container\\Container->call(Array)
#19 /Applications/XAMPP/xamppfiles/htdocs/depion-new/vendor/laravel/framework/src/Illuminate/Foundation/Support/Providers/RouteServiceProvider.php(36): Illuminate\\Foundation\\Support\\Providers\\RouteServiceProvider->loadRoutes()
#20 /Applications/XAMPP/xamppfiles/htdocs/depion-new/app/Providers/RouteServiceProvider.php(35): Illuminate\\Foundation\\Support\\Providers\\RouteServiceProvider->boot()
#21 [internal function]: App\\Providers\\RouteServiceProvider->boot()
#22 /Applications/XAMPP/xamppfiles/htdocs/depion-new/vendor/laravel/framework/src/Illuminate/Container/BoundMethod.php(32): call_user_func_array(Array, Array)
#23 /Applications/XAMPP/xamppfiles/htdocs/depion-new/vendor/laravel/framework/src/Illuminate/Container/Util.php(36): Illuminate\\Container\\BoundMethod::Illuminate\\Container\\{closure}()
#24 /Applications/XAMPP/xamppfiles/htdocs/depion-new/vendor/laravel/framework/src/Illuminate/Container/BoundMethod.php(90): Illuminate\\Container\\Util::unwrapIfClosure(Object(Closure))
#25 /Applications/XAMPP/xamppfiles/htdocs/depion-new/vendor/laravel/framework/src/Illuminate/Container/BoundMethod.php(34): Illuminate\\Container\\BoundMethod::callBoundMethod(Object(Illuminate\\Foundation\\Application), Array, Object(Closure))
#26 /Applications/XAMPP/xamppfiles/htdocs/depion-new/vendor/laravel/framework/src/Illuminate/Container/Container.php(590): Illuminate\\Container\\BoundMethod::call(Object(Illuminate\\Foundation\\Application), Array, Array, NULL)
#27 /Applications/XAMPP/xamppfiles/htdocs/depion-new/vendor/laravel/framework/src/Illuminate/Foundation/Application.php(858): Illuminate\\Container\\Container->call(Array)
#28 /Applications/XAMPP/xamppfiles/htdocs/depion-new/vendor/laravel/framework/src/Illuminate/Foundation/Application.php(841): Illuminate\\Foundation\\Application->bootProvider(Object(App\\Providers\\RouteServiceProvider))
#29 [internal function]: Illuminate\\Foundation\\Application->Illuminate\\Foundation\\{closure}(Object(App\\Providers\\RouteServiceProvider), 28)
#30 /Applications/XAMPP/xamppfiles/htdocs/depion-new/vendor/laravel/framework/src/Illuminate/Foundation/Application.php(842): array_walk(Array, Object(Closure))
#31 /Applications/XAMPP/xamppfiles/htdocs/depion-new/vendor/laravel/framework/src/Illuminate/Foundation/Bootstrap/BootProviders.php(17): Illuminate\\Foundation\\Application->boot()
#32 /Applications/XAMPP/xamppfiles/htdocs/depion-new/vendor/laravel/framework/src/Illuminate/Foundation/Application.php(221): Illuminate\\Foundation\\Bootstrap\\BootProviders->bootstrap(Object(Illuminate\\Foundation\\Application))
#33 /Applications/XAMPP/xamppfiles/htdocs/depion-new/vendor/laravel/framework/src/Illuminate/Foundation/Console/Kernel.php(311): Illuminate\\Foundation\\Application->bootstrapWith(Array)
#34 /Applications/XAMPP/xamppfiles/htdocs/depion-new/vendor/laravel/framework/src/Illuminate/Foundation/Console/Kernel.php(128): Illuminate\\Foundation\\Console\\Kernel->bootstrap()
#35 /Applications/XAMPP/xamppfiles/htdocs/depion-new/artisan(37): Illuminate\\Foundation\\Console\\Kernel->handle(Object(Symfony\\Component\\Console\\Input\\ArgvInput), Object(Symfony\\Component\\Console\\Output\\ConsoleOutput))
#36 {main}
"} 
